<?xml version="1.0" encoding="UTF-8"?>
<!-- Generated by org.testng.reporters.JUnitReportReporter -->
<testsuite hostname="XEN-1004" name="com.charter.mobile.TestCase_SPInternet" tests="5" failures="0" timestamp="24 Jul 2016 21:18:41 GMT" time="220.123" errors="0">
  <testcase name="SPInternet" time="43.779" classname="com.charter.mobile.TestCase_SPInternet"/>
  <testcase name="SPInternet" time="39.556" classname="com.charter.mobile.TestCase_SPInternet"/>
  <testcase name="SPInternet" time="44.062" classname="com.charter.mobile.TestCase_SPInternet"/>
  <testcase name="SPInternet" time="45.873" classname="com.charter.mobile.TestCase_SPInternet"/>
  <testcase name="SPInternet" time="46.853" classname="com.charter.mobile.TestCase_SPInternet"/>
</testsuite> <!-- com.charter.mobile.TestCase_SPInternet -->
