<?xml version="1.0" encoding="UTF-8"?>
<!-- Generated by org.testng.reporters.JUnitReportReporter -->
<testsuite hostname="XEN-1004" name="com.charter.miscellaneous.TestCase_VerifyTagInHTML" tests="136" failures="0" timestamp="28 Jul 2016 14:15:27 GMT" time="1150.347" errors="0">
  <testcase name="mobileAntiSat" time="5.999" classname="com.charter.miscellaneous.TestCase_VerifyTagInHTML"/>
  <testcase name="mobileAntiSat" time="5.373" classname="com.charter.miscellaneous.TestCase_VerifyTagInHTML"/>
  <testcase name="mobileAntiSat" time="11.990" classname="com.charter.miscellaneous.TestCase_VerifyTagInHTML"/>
  <testcase name="mobileAntiSat" time="6.874" classname="com.charter.miscellaneous.TestCase_VerifyTagInHTML"/>
  <testcase name="mobileAntiSat" time="14.056" classname="com.charter.miscellaneous.TestCase_VerifyTagInHTML"/>
  <testcase name="mobileAntiSat" time="12.097" classname="com.charter.miscellaneous.TestCase_VerifyTagInHTML"/>
  <testcase name="mobileAntiSat" time="5.026" classname="com.charter.miscellaneous.TestCase_VerifyTagInHTML"/>
  <testcase name="mobileAntiSat" time="5.293" classname="com.charter.miscellaneous.TestCase_VerifyTagInHTML"/>
  <testcase name="mobileAntiSat" time="23.822" classname="com.charter.miscellaneous.TestCase_VerifyTagInHTML"/>
  <testcase name="mobileAntiSat" time="9.969" classname="com.charter.miscellaneous.TestCase_VerifyTagInHTML"/>
  <testcase name="mobileAntiSat" time="4.705" classname="com.charter.miscellaneous.TestCase_VerifyTagInHTML"/>
  <testcase name="mobileAntiSat" time="5.102" classname="com.charter.miscellaneous.TestCase_VerifyTagInHTML"/>
  <testcase name="mobileAntiSat" time="5.100" classname="com.charter.miscellaneous.TestCase_VerifyTagInHTML"/>
  <testcase name="mobileAntiSat" time="16.366" classname="com.charter.miscellaneous.TestCase_VerifyTagInHTML"/>
  <testcase name="mobileAntiSat" time="4.657" classname="com.charter.miscellaneous.TestCase_VerifyTagInHTML"/>
  <testcase name="mobileAntiSat" time="5.446" classname="com.charter.miscellaneous.TestCase_VerifyTagInHTML"/>
  <testcase name="mobileAntiSat" time="5.841" classname="com.charter.miscellaneous.TestCase_VerifyTagInHTML"/>
  <testcase name="mobileAntiSat" time="13.097" classname="com.charter.miscellaneous.TestCase_VerifyTagInHTML"/>
  <testcase name="mobileAntiSat" time="4.556" classname="com.charter.miscellaneous.TestCase_VerifyTagInHTML"/>
  <testcase name="mobileAntiSat" time="7.733" classname="com.charter.miscellaneous.TestCase_VerifyTagInHTML"/>
  <testcase name="mobileAntiSat" time="10.943" classname="com.charter.miscellaneous.TestCase_VerifyTagInHTML"/>
  <testcase name="mobileAntiSat" time="10.147" classname="com.charter.miscellaneous.TestCase_VerifyTagInHTML"/>
  <testcase name="mobileAntiSat" time="4.838" classname="com.charter.miscellaneous.TestCase_VerifyTagInHTML"/>
  <testcase name="mobileAntiSat" time="13.281" classname="com.charter.miscellaneous.TestCase_VerifyTagInHTML"/>
  <testcase name="mobileAntiSat" time="4.329" classname="com.charter.miscellaneous.TestCase_VerifyTagInHTML"/>
  <testcase name="mobileAntiSat" time="5.195" classname="com.charter.miscellaneous.TestCase_VerifyTagInHTML"/>
  <testcase name="mobileAntiSat" time="6.080" classname="com.charter.miscellaneous.TestCase_VerifyTagInHTML"/>
  <testcase name="mobileAntiSat" time="5.318" classname="com.charter.miscellaneous.TestCase_VerifyTagInHTML"/>
  <testcase name="mobileAntiSat" time="6.404" classname="com.charter.miscellaneous.TestCase_VerifyTagInHTML"/>
  <testcase name="mobileAntiSat" time="8.253" classname="com.charter.miscellaneous.TestCase_VerifyTagInHTML"/>
  <testcase name="mobileAntiSat" time="4.847" classname="com.charter.miscellaneous.TestCase_VerifyTagInHTML"/>
  <testcase name="mobileAntiSat" time="5.731" classname="com.charter.miscellaneous.TestCase_VerifyTagInHTML"/>
  <testcase name="mobileAntiSat" time="8.394" classname="com.charter.miscellaneous.TestCase_VerifyTagInHTML"/>
  <testcase name="mobileAntiSat" time="4.373" classname="com.charter.miscellaneous.TestCase_VerifyTagInHTML"/>
  <testcase name="mobileAntiSat" time="10.347" classname="com.charter.miscellaneous.TestCase_VerifyTagInHTML"/>
  <testcase name="mobileAntiSat" time="4.425" classname="com.charter.miscellaneous.TestCase_VerifyTagInHTML"/>
  <testcase name="mobileAntiSat" time="7.462" classname="com.charter.miscellaneous.TestCase_VerifyTagInHTML"/>
  <testcase name="mobileAntiSat" time="7.850" classname="com.charter.miscellaneous.TestCase_VerifyTagInHTML"/>
  <testcase name="mobileAntiSat" time="8.621" classname="com.charter.miscellaneous.TestCase_VerifyTagInHTML"/>
  <testcase name="mobileAntiSat" time="11.382" classname="com.charter.miscellaneous.TestCase_VerifyTagInHTML"/>
  <testcase name="mobileAntiSat" time="6.878" classname="com.charter.miscellaneous.TestCase_VerifyTagInHTML"/>
  <testcase name="mobileAntiSat" time="6.480" classname="com.charter.miscellaneous.TestCase_VerifyTagInHTML"/>
  <testcase name="mobileAntiSat" time="19.456" classname="com.charter.miscellaneous.TestCase_VerifyTagInHTML"/>
  <testcase name="mobileAntiSat" time="4.979" classname="com.charter.miscellaneous.TestCase_VerifyTagInHTML"/>
  <testcase name="mobileAntiSat" time="7.745" classname="com.charter.miscellaneous.TestCase_VerifyTagInHTML"/>
  <testcase name="mobileAntiSat" time="17.622" classname="com.charter.miscellaneous.TestCase_VerifyTagInHTML"/>
  <testcase name="mobileAntiSat" time="6.457" classname="com.charter.miscellaneous.TestCase_VerifyTagInHTML"/>
  <testcase name="mobileAntiSat" time="23.101" classname="com.charter.miscellaneous.TestCase_VerifyTagInHTML"/>
  <testcase name="mobileAntiSat" time="20.651" classname="com.charter.miscellaneous.TestCase_VerifyTagInHTML"/>
  <testcase name="mobileAntiSat" time="22.271" classname="com.charter.miscellaneous.TestCase_VerifyTagInHTML"/>
  <testcase name="mobileAntiSat" time="6.273" classname="com.charter.miscellaneous.TestCase_VerifyTagInHTML"/>
  <testcase name="mobileAntiSat" time="6.469" classname="com.charter.miscellaneous.TestCase_VerifyTagInHTML"/>
  <testcase name="mobileAntiSat" time="27.014" classname="com.charter.miscellaneous.TestCase_VerifyTagInHTML"/>
  <testcase name="mobileAntiSat" time="6.613" classname="com.charter.miscellaneous.TestCase_VerifyTagInHTML"/>
  <testcase name="mobileAntiSat" time="7.313" classname="com.charter.miscellaneous.TestCase_VerifyTagInHTML"/>
  <testcase name="mobileAntiSat" time="8.929" classname="com.charter.miscellaneous.TestCase_VerifyTagInHTML"/>
  <testcase name="mobileAntiSat" time="7.108" classname="com.charter.miscellaneous.TestCase_VerifyTagInHTML"/>
  <testcase name="mobileAntiSat" time="10.988" classname="com.charter.miscellaneous.TestCase_VerifyTagInHTML"/>
  <testcase name="mobileAntiSat" time="7.669" classname="com.charter.miscellaneous.TestCase_VerifyTagInHTML"/>
  <testcase name="mobileAntiSat" time="15.468" classname="com.charter.miscellaneous.TestCase_VerifyTagInHTML"/>
  <testcase name="mobileAntiSat" time="7.170" classname="com.charter.miscellaneous.TestCase_VerifyTagInHTML"/>
  <testcase name="mobileAntiSat" time="5.421" classname="com.charter.miscellaneous.TestCase_VerifyTagInHTML"/>
  <testcase name="mobileAntiSat" time="9.058" classname="com.charter.miscellaneous.TestCase_VerifyTagInHTML"/>
  <testcase name="mobileAntiSat" time="4.210" classname="com.charter.miscellaneous.TestCase_VerifyTagInHTML"/>
  <testcase name="mobileAntiSat" time="14.421" classname="com.charter.miscellaneous.TestCase_VerifyTagInHTML"/>
  <testcase name="mobileAntiSat" time="8.165" classname="com.charter.miscellaneous.TestCase_VerifyTagInHTML"/>
  <testcase name="mobileAntiSat" time="15.968" classname="com.charter.miscellaneous.TestCase_VerifyTagInHTML"/>
  <testcase name="mobileAntiSat" time="6.655" classname="com.charter.miscellaneous.TestCase_VerifyTagInHTML"/>
  <testcase name="mobileAntiSat" time="4.431" classname="com.charter.miscellaneous.TestCase_VerifyTagInHTML"/>
  <testcase name="mobileAntiSat" time="4.167" classname="com.charter.miscellaneous.TestCase_VerifyTagInHTML"/>
  <testcase name="mobileAntiSat" time="4.703" classname="com.charter.miscellaneous.TestCase_VerifyTagInHTML"/>
  <testcase name="mobileAntiSat" time="6.840" classname="com.charter.miscellaneous.TestCase_VerifyTagInHTML"/>
  <testcase name="mobileAntiSat" time="22.656" classname="com.charter.miscellaneous.TestCase_VerifyTagInHTML"/>
  <testcase name="mobileAntiSat" time="4.009" classname="com.charter.miscellaneous.TestCase_VerifyTagInHTML"/>
  <testcase name="mobileAntiSat" time="5.714" classname="com.charter.miscellaneous.TestCase_VerifyTagInHTML"/>
  <testcase name="mobileAntiSat" time="4.304" classname="com.charter.miscellaneous.TestCase_VerifyTagInHTML"/>
  <testcase name="mobileAntiSat" time="7.937" classname="com.charter.miscellaneous.TestCase_VerifyTagInHTML"/>
  <testcase name="mobileAntiSat" time="5.075" classname="com.charter.miscellaneous.TestCase_VerifyTagInHTML"/>
  <testcase name="mobileAntiSat" time="3.378" classname="com.charter.miscellaneous.TestCase_VerifyTagInHTML"/>
  <testcase name="mobileAntiSat" time="12.620" classname="com.charter.miscellaneous.TestCase_VerifyTagInHTML"/>
  <testcase name="mobileAntiSat" time="5.031" classname="com.charter.miscellaneous.TestCase_VerifyTagInHTML"/>
  <testcase name="mobileAntiSat" time="5.679" classname="com.charter.miscellaneous.TestCase_VerifyTagInHTML"/>
  <testcase name="mobileAntiSat" time="10.020" classname="com.charter.miscellaneous.TestCase_VerifyTagInHTML"/>
  <testcase name="mobileAntiSat" time="5.563" classname="com.charter.miscellaneous.TestCase_VerifyTagInHTML"/>
  <testcase name="mobileAntiSat" time="28.979" classname="com.charter.miscellaneous.TestCase_VerifyTagInHTML"/>
  <testcase name="mobileAntiSat" time="5.177" classname="com.charter.miscellaneous.TestCase_VerifyTagInHTML"/>
  <testcase name="mobileAntiSat" time="5.446" classname="com.charter.miscellaneous.TestCase_VerifyTagInHTML"/>
  <testcase name="mobileAntiSat" time="8.225" classname="com.charter.miscellaneous.TestCase_VerifyTagInHTML"/>
  <testcase name="mobileAntiSat" time="5.202" classname="com.charter.miscellaneous.TestCase_VerifyTagInHTML"/>
  <testcase name="mobileAntiSat" time="5.363" classname="com.charter.miscellaneous.TestCase_VerifyTagInHTML"/>
  <testcase name="mobileAntiSat" time="6.550" classname="com.charter.miscellaneous.TestCase_VerifyTagInHTML"/>
  <testcase name="mobileAntiSat" time="8.363" classname="com.charter.miscellaneous.TestCase_VerifyTagInHTML"/>
  <testcase name="mobileAntiSat" time="4.426" classname="com.charter.miscellaneous.TestCase_VerifyTagInHTML"/>
  <testcase name="mobileAntiSat" time="6.288" classname="com.charter.miscellaneous.TestCase_VerifyTagInHTML"/>
  <testcase name="mobileAntiSat" time="5.888" classname="com.charter.miscellaneous.TestCase_VerifyTagInHTML"/>
  <testcase name="mobileAntiSat" time="5.420" classname="com.charter.miscellaneous.TestCase_VerifyTagInHTML"/>
  <testcase name="mobileAntiSat" time="32.209" classname="com.charter.miscellaneous.TestCase_VerifyTagInHTML"/>
  <testcase name="mobileAntiSat" time="4.974" classname="com.charter.miscellaneous.TestCase_VerifyTagInHTML"/>
  <testcase name="mobileAntiSat" time="6.313" classname="com.charter.miscellaneous.TestCase_VerifyTagInHTML"/>
  <testcase name="mobileAntiSat" time="4.739" classname="com.charter.miscellaneous.TestCase_VerifyTagInHTML"/>
  <testcase name="mobileAntiSat" time="5.890" classname="com.charter.miscellaneous.TestCase_VerifyTagInHTML"/>
  <testcase name="mobileAntiSat" time="4.503" classname="com.charter.miscellaneous.TestCase_VerifyTagInHTML"/>
  <testcase name="mobileAntiSat" time="5.516" classname="com.charter.miscellaneous.TestCase_VerifyTagInHTML"/>
  <testcase name="mobileAntiSat" time="5.146" classname="com.charter.miscellaneous.TestCase_VerifyTagInHTML"/>
  <testcase name="mobileAntiSat" time="5.494" classname="com.charter.miscellaneous.TestCase_VerifyTagInHTML"/>
  <testcase name="mobileAntiSat" time="9.475" classname="com.charter.miscellaneous.TestCase_VerifyTagInHTML"/>
  <testcase name="mobileAntiSat" time="6.657" classname="com.charter.miscellaneous.TestCase_VerifyTagInHTML"/>
  <testcase name="mobileAntiSat" time="7.166" classname="com.charter.miscellaneous.TestCase_VerifyTagInHTML"/>
  <testcase name="mobileAntiSat" time="6.676" classname="com.charter.miscellaneous.TestCase_VerifyTagInHTML"/>
  <testcase name="mobileAntiSat" time="4.592" classname="com.charter.miscellaneous.TestCase_VerifyTagInHTML"/>
  <testcase name="mobileAntiSat" time="3.695" classname="com.charter.miscellaneous.TestCase_VerifyTagInHTML"/>
  <testcase name="mobileAntiSat" time="4.871" classname="com.charter.miscellaneous.TestCase_VerifyTagInHTML"/>
  <testcase name="mobileAntiSat" time="5.347" classname="com.charter.miscellaneous.TestCase_VerifyTagInHTML"/>
  <testcase name="mobileAntiSat" time="4.979" classname="com.charter.miscellaneous.TestCase_VerifyTagInHTML"/>
  <testcase name="mobileAntiSat" time="5.024" classname="com.charter.miscellaneous.TestCase_VerifyTagInHTML"/>
  <testcase name="mobileAntiSat" time="6.450" classname="com.charter.miscellaneous.TestCase_VerifyTagInHTML"/>
  <testcase name="mobileAntiSat" time="27.138" classname="com.charter.miscellaneous.TestCase_VerifyTagInHTML"/>
  <testcase name="mobileAntiSat" time="3.988" classname="com.charter.miscellaneous.TestCase_VerifyTagInHTML"/>
  <testcase name="mobileAntiSat" time="7.271" classname="com.charter.miscellaneous.TestCase_VerifyTagInHTML"/>
  <testcase name="mobileAntiSat" time="8.546" classname="com.charter.miscellaneous.TestCase_VerifyTagInHTML"/>
  <testcase name="mobileAntiSat" time="20.177" classname="com.charter.miscellaneous.TestCase_VerifyTagInHTML"/>
  <testcase name="mobileAntiSat" time="4.770" classname="com.charter.miscellaneous.TestCase_VerifyTagInHTML"/>
  <testcase name="mobileAntiSat" time="4.518" classname="com.charter.miscellaneous.TestCase_VerifyTagInHTML"/>
  <testcase name="mobileAntiSat" time="5.941" classname="com.charter.miscellaneous.TestCase_VerifyTagInHTML"/>
  <testcase name="mobileAntiSat" time="4.957" classname="com.charter.miscellaneous.TestCase_VerifyTagInHTML"/>
  <testcase name="mobileAntiSat" time="6.465" classname="com.charter.miscellaneous.TestCase_VerifyTagInHTML"/>
  <testcase name="mobileAntiSat" time="5.245" classname="com.charter.miscellaneous.TestCase_VerifyTagInHTML"/>
  <testcase name="mobileAntiSat" time="5.335" classname="com.charter.miscellaneous.TestCase_VerifyTagInHTML"/>
  <testcase name="mobileAntiSat" time="6.081" classname="com.charter.miscellaneous.TestCase_VerifyTagInHTML"/>
  <testcase name="mobileAntiSat" time="7.950" classname="com.charter.miscellaneous.TestCase_VerifyTagInHTML"/>
  <testcase name="mobileAntiSat" time="5.407" classname="com.charter.miscellaneous.TestCase_VerifyTagInHTML"/>
  <testcase name="mobileAntiSat" time="22.902" classname="com.charter.miscellaneous.TestCase_VerifyTagInHTML"/>
  <testcase name="mobileAntiSat" time="7.751" classname="com.charter.miscellaneous.TestCase_VerifyTagInHTML"/>
  <testcase name="mobileAntiSat" time="5.769" classname="com.charter.miscellaneous.TestCase_VerifyTagInHTML"/>
  <testcase name="mobileAntiSat" time="5.984" classname="com.charter.miscellaneous.TestCase_VerifyTagInHTML"/>
  <testcase name="mobileAntiSat" time="5.108" classname="com.charter.miscellaneous.TestCase_VerifyTagInHTML"/>
</testsuite> <!-- com.charter.miscellaneous.TestCase_VerifyTagInHTML -->
