<?xml version="1.0" encoding="UTF-8"?>
<!-- Generated by org.testng.reporters.JUnitReportReporter -->
<testsuite hostname="XEN-525" name="com.charter.suiteDirectSales.DirectSalesNonAutomated" tests="4" failures="0" timestamp="14 Jan 2016 11:15:39 GMT" time="0.000" errors="4">
  <testcase name="testcaseDirectSalesNonAutomated" time="0.000" classname="com.charter.suiteDirectSales.DirectSalesNonAutomated"/>
  <testcase name="testcaseDirectSalesNonAutomated" time="0.000" classname="com.charter.suiteDirectSales.DirectSalesNonAutomated"/>
  <testcase name="testcaseDirectSalesNonAutomated" time="0.000" classname="com.charter.suiteDirectSales.DirectSalesNonAutomated"/>
  <testcase name="testcaseDirectSalesNonAutomated" time="0.000" classname="com.charter.suiteDirectSales.DirectSalesNonAutomated"/>
</testsuite> <!-- com.charter.suiteDirectSales.DirectSalesNonAutomated -->
