<?xml version="1.0" encoding="UTF-8"?>
<!-- Generated by org.testng.reporters.JUnitReportReporter -->
<testsuite hostname="XEN-1004" name="com.charter.suiteSpectrumBusiness.TestCase_SbNonAutomated" tests="3" failures="0" timestamp="27 Jul 2016 18:17:52 GMT" time="638.134" errors="0">
  <testcase name="nonAutomatedBuyFlow" time="219.179" classname="com.charter.suiteSpectrumBusiness.TestCase_SbNonAutomated"/>
  <testcase name="nonAutomatedBuyFlow" time="216.751" classname="com.charter.suiteSpectrumBusiness.TestCase_SbNonAutomated"/>
  <testcase name="nonAutomatedBuyFlow" time="202.204" classname="com.charter.suiteSpectrumBusiness.TestCase_SbNonAutomated"/>
</testsuite> <!-- com.charter.suiteSpectrumBusiness.TestCase_SbNonAutomated -->
