<?xml version="1.0" encoding="UTF-8"?>
<!-- Generated by org.testng.reporters.JUnitReportReporter -->
<testsuite hostname="XEN-1004" name="com.charter.mobile.TestCase_TriplePlay" tests="5" failures="0" timestamp="24 Jul 2016 21:18:41 GMT" time="229.825" errors="0">
  <testcase name="TriplePlay" time="43.116" classname="com.charter.mobile.TestCase_TriplePlay"/>
  <testcase name="TriplePlay" time="46.275" classname="com.charter.mobile.TestCase_TriplePlay"/>
  <testcase name="TriplePlay" time="47.935" classname="com.charter.mobile.TestCase_TriplePlay"/>
  <testcase name="TriplePlay" time="46.221" classname="com.charter.mobile.TestCase_TriplePlay"/>
  <testcase name="TriplePlay" time="46.278" classname="com.charter.mobile.TestCase_TriplePlay"/>
</testsuite> <!-- com.charter.mobile.TestCase_TriplePlay -->
