<?xml version="1.0" encoding="UTF-8"?>
<!-- Generated by org.testng.reporters.JUnitReportReporter -->
<testsuite hostname="XEN-1004" name="com.charter.mobile.TestCase_TP100Mb" tests="5" failures="0" timestamp="24 Jul 2016 21:18:41 GMT" time="234.235" errors="0">
  <testcase name="TP100Mb" time="45.835" classname="com.charter.mobile.TestCase_TP100Mb"/>
  <testcase name="TP100Mb" time="48.968" classname="com.charter.mobile.TestCase_TP100Mb"/>
  <testcase name="TP100Mb" time="42.069" classname="com.charter.mobile.TestCase_TP100Mb"/>
  <testcase name="TP100Mb" time="48.096" classname="com.charter.mobile.TestCase_TP100Mb"/>
  <testcase name="TP100Mb" time="49.267" classname="com.charter.mobile.TestCase_TP100Mb"/>
</testsuite> <!-- com.charter.mobile.TestCase_TP100Mb -->
