<?xml version="1.0" encoding="UTF-8"?>
<!-- Generated by org.testng.reporters.JUnitReportReporter -->
<testsuite hostname="XEN-1004" name="com.charter.suiteBae.TestCase_BaeNonAutomated" tests="1" failures="0" timestamp="3 Aug 2016 20:51:55 GMT" time="191.450" errors="0">
  <testcase name="nonAutomatedBuyFlow" time="191.450" classname="com.charter.suiteBae.TestCase_BaeNonAutomated"/>
</testsuite> <!-- com.charter.suiteBae.TestCase_BaeNonAutomated -->
