<?xml version="1.0" encoding="UTF-8"?>
<!-- Generated by org.testng.reporters.JUnitReportReporter -->
<testsuite hostname="XEN-1004" name="com.charter.suiteLP.TestCase_lfo7nLFO" tests="1" failures="0" timestamp="24 Jul 2016 21:18:41 GMT" time="68.908" errors="0">
  <testcase name="LFO7n" time="68.908" classname="com.charter.suiteLP.TestCase_lfo7nLFO"/>
</testsuite> <!-- com.charter.suiteLP.TestCase_lfo7nLFO -->
