<?xml version="1.0" encoding="UTF-8"?>
<!-- Generated by org.testng.reporters.JUnitReportReporter -->
<testsuite hostname="XEN-1004" name="com.charter.suiteBusinessLP.TestCase_Spectrumtp4q" tests="1" failures="0" timestamp="24 Jul 2016 21:18:41 GMT" time="58.498" errors="0">
  <testcase name="tp4q" time="58.498" classname="com.charter.suiteBusinessLP.TestCase_Spectrumtp4q"/>
</testsuite> <!-- com.charter.suiteBusinessLP.TestCase_Spectrumtp4q -->
