<?xml version="1.0" encoding="UTF-8"?>
<!-- Generated by org.testng.reporters.JUnitReportReporter -->
<testsuite hostname="XEN-1004" name="com.charter.Affiliates.Business" tests="7" failures="0" timestamp="24 Jul 2016 21:18:41 GMT" time="1311.489" errors="0">
  <testcase name="nonAutomatedBuyFlow" time="180.125" classname="com.charter.Affiliates.Business"/>
  <testcase name="nonAutomatedBuyFlow" time="181.066" classname="com.charter.Affiliates.Business"/>
  <testcase name="nonAutomatedBuyFlow" time="192.397" classname="com.charter.Affiliates.Business"/>
  <testcase name="nonAutomatedBuyFlow" time="237.877" classname="com.charter.Affiliates.Business"/>
  <testcase name="nonAutomatedBuyFlow" time="173.986" classname="com.charter.Affiliates.Business"/>
  <testcase name="nonAutomatedBuyFlow" time="173.406" classname="com.charter.Affiliates.Business"/>
  <testcase name="nonAutomatedBuyFlow" time="172.632" classname="com.charter.Affiliates.Business"/>
</testsuite> <!-- com.charter.Affiliates.Business -->
