<?xml version="1.0" encoding="UTF-8"?>
<!-- Generated by org.testng.reporters.JUnitReportReporter -->
<testsuite hostname="XEN-525" name="test.BrowserStack" tests="1" failures="0" timestamp="27 Jan 2016 13:17:36 GMT" time="0.658" errors="0">
  <testcase name="testSimple" time="0.658" classname="test.BrowserStack"/>
</testsuite> <!-- test.BrowserStack -->
