<?xml version="1.0" encoding="UTF-8"?>
<!-- Generated by org.testng.reporters.JUnitReportReporter -->
<testsuite hostname="XEN-1004" name="com.charter.suiteDirectSales.TestCase_DirectSaleNonAutomated" tests="1" failures="0" timestamp="3 Aug 2016 20:56:06 GMT" time="219.890" errors="0">
  <testcase name="nonAutomatedBuyFlow" time="219.890" classname="com.charter.suiteDirectSales.TestCase_DirectSaleNonAutomated"/>
</testsuite> <!-- com.charter.suiteDirectSales.TestCase_DirectSaleNonAutomated -->
