<?xml version="1.0" encoding="UTF-8"?>
<!-- Generated by org.testng.reporters.JUnitReportReporter -->
<testsuite hostname="XEN-1004" name="test.Test1234" tests="1" failures="0" timestamp="31 Jul 2016 14:40:14 GMT" time="0.010" errors="0">
  <testcase name="test1" time="0.010" classname="test.Test1234"/>
</testsuite> <!-- test.Test1234 -->
