<?xml version="1.0" encoding="UTF-8"?>
<!-- Generated by org.testng.reporters.JUnitReportReporter -->
<testsuite hostname="XEN-1004" name="com.charter.suiteBusinessLP.TestCase_SpectrumSellSheetLead" tests="1" failures="0" timestamp="24 Jul 2016 21:18:41 GMT" time="36.835" errors="0">
  <testcase name="SellSheetLead" time="36.835" classname="com.charter.suiteBusinessLP.TestCase_SpectrumSellSheetLead"/>
</testsuite> <!-- com.charter.suiteBusinessLP.TestCase_SpectrumSellSheetLead -->
