<?xml version="1.0" encoding="UTF-8"?>
<!-- Generated by org.testng.reporters.JUnitReportReporter -->
<testsuite hostname="XEN-1004" name="com.charter.mobile.TestCase_lfo8nLFO" tests="5" failures="0" timestamp="24 Jul 2016 21:18:41 GMT" time="220.754" errors="0">
  <testcase name="lfo8n" time="46.804" classname="com.charter.mobile.TestCase_lfo8nLFO"/>
  <testcase name="lfo8n" time="43.255" classname="com.charter.mobile.TestCase_lfo8nLFO"/>
  <testcase name="lfo8n" time="41.708" classname="com.charter.mobile.TestCase_lfo8nLFO"/>
  <testcase name="lfo8n" time="43.294" classname="com.charter.mobile.TestCase_lfo8nLFO"/>
  <testcase name="lfo8n" time="45.693" classname="com.charter.mobile.TestCase_lfo8nLFO"/>
</testsuite> <!-- com.charter.mobile.TestCase_lfo8nLFO -->
