<?xml version="1.0" encoding="UTF-8"?>
<!-- Generated by org.testng.reporters.JUnitReportReporter -->
<testsuite hostname="XEN-1004" name="com.charter.mobile.TestCase_PlatChicInt" tests="5" failures="0" timestamp="24 Jul 2016 21:18:41 GMT" time="264.144" errors="0">
  <testcase name="PlatChicInt" time="46.496" classname="com.charter.mobile.TestCase_PlatChicInt"/>
  <testcase name="PlatChicInt" time="46.621" classname="com.charter.mobile.TestCase_PlatChicInt"/>
  <testcase name="PlatChicInt" time="46.646" classname="com.charter.mobile.TestCase_PlatChicInt"/>
  <testcase name="PlatChicInt" time="50.495" classname="com.charter.mobile.TestCase_PlatChicInt"/>
  <testcase name="PlatChicInt" time="73.886" classname="com.charter.mobile.TestCase_PlatChicInt"/>
</testsuite> <!-- com.charter.mobile.TestCase_PlatChicInt -->
