<?xml version="1.0" encoding="UTF-8"?>
<!-- Generated by org.testng.reporters.JUnitReportReporter -->
<testsuite hostname="XEN-1004" name="com.charter.suiteBusinessLP.TestCase_SpectrumServiceability" tests="1" failures="0" timestamp="24 Jul 2016 21:18:41 GMT" time="44.929" errors="0">
  <testcase name="Serviceability" time="44.929" classname="com.charter.suiteBusinessLP.TestCase_SpectrumServiceability"/>
</testsuite> <!-- com.charter.suiteBusinessLP.TestCase_SpectrumServiceability -->
