<?xml version="1.0" encoding="UTF-8"?>
<!-- Generated by org.testng.reporters.JUnitReportReporter -->
<testsuite hostname="XEN-1004" name="test.DynamicallyNaming" tests="3" failures="0" timestamp="25 Apr 2016 17:45:19 GMT" time="0.009" errors="0">
  <testcase name="shouldHaveTestNamesBasedOnMethodName" time="0.001" classname="test.DynamicallyNaming"/>
  <testcase name="shouldHaveTestNamesBasedOnMethodName" time="0.000" classname="test.DynamicallyNaming"/>
  <testcase name="shouldHaveTestNamesBasedOnMethodName" time="0.008" classname="test.DynamicallyNaming"/>
</testsuite> <!-- test.DynamicallyNaming -->
