<?xml version="1.0" encoding="UTF-8"?>
<!-- Generated by org.testng.reporters.JUnitReportReporter -->
<testsuite hostname="XEN-1004" name="com.charter.Affiliates.Residential" tests="10" failures="0" timestamp="24 Jul 2016 21:18:41 GMT" time="1814.811" errors="0">
  <testcase name="nonAutomatedBuyFlow" time="169.427" classname="com.charter.Affiliates.Residential"/>
  <testcase name="nonAutomatedBuyFlow" time="187.159" classname="com.charter.Affiliates.Residential"/>
  <testcase name="nonAutomatedBuyFlow" time="172.516" classname="com.charter.Affiliates.Residential"/>
  <testcase name="nonAutomatedBuyFlow" time="170.156" classname="com.charter.Affiliates.Residential"/>
  <testcase name="nonAutomatedBuyFlow" time="192.553" classname="com.charter.Affiliates.Residential"/>
  <testcase name="nonAutomatedBuyFlow" time="199.557" classname="com.charter.Affiliates.Residential"/>
  <testcase name="nonAutomatedBuyFlow" time="182.692" classname="com.charter.Affiliates.Residential"/>
  <testcase name="nonAutomatedBuyFlow" time="173.127" classname="com.charter.Affiliates.Residential"/>
  <testcase name="nonAutomatedBuyFlow" time="184.539" classname="com.charter.Affiliates.Residential"/>
  <testcase name="nonAutomatedBuyFlow" time="183.085" classname="com.charter.Affiliates.Residential"/>
</testsuite> <!-- com.charter.Affiliates.Residential -->
