<?xml version="1.0" encoding="UTF-8"?>
<!-- Generated by org.testng.reporters.JUnitReportReporter -->
<testsuite hostname="XEN-525" name="test.ClassSelectorDemo" tests="1" failures="0" timestamp="20 Jan 2016 17:34:28 GMT" time="26.553" errors="0">
  <testcase name="atTest" time="26.553" classname="test.ClassSelectorDemo"/>
</testsuite> <!-- test.ClassSelectorDemo -->
