<?xml version="1.0" encoding="UTF-8"?>
<!-- Generated by org.testng.reporters.JUnitReportReporter -->
<testsuite hostname="XEN-1004" name="com.charter.suiteCharterLfo.BusinessAffiliatesShop" tests="7" failures="7" timestamp="22 Apr 2016 19:41:28 GMT" time="0.012" errors="0">
  <testcase name="nonAutomatedBuyFlow" time="0.004" classname="com.charter.suiteCharterLfo.BusinessAffiliatesShop"/>
  <testcase name="nonAutomatedBuyFlow" time="0.001" classname="com.charter.suiteCharterLfo.BusinessAffiliatesShop"/>
  <testcase name="nonAutomatedBuyFlow" time="0.001" classname="com.charter.suiteCharterLfo.BusinessAffiliatesShop"/>
  <testcase name="nonAutomatedBuyFlow" time="0.002" classname="com.charter.suiteCharterLfo.BusinessAffiliatesShop"/>
  <testcase name="nonAutomatedBuyFlow" time="0.001" classname="com.charter.suiteCharterLfo.BusinessAffiliatesShop"/>
  <testcase name="nonAutomatedBuyFlow" time="0.003" classname="com.charter.suiteCharterLfo.BusinessAffiliatesShop"/>
  <testcase name="nonAutomatedBuyFlow" time="0.000" classname="com.charter.suiteCharterLfo.BusinessAffiliatesShop"/>
</testsuite> <!-- com.charter.suiteCharterLfo.BusinessAffiliatesShop -->
