<?xml version="1.0" encoding="UTF-8"?>
<!-- Generated by org.testng.reporters.JUnitReportReporter -->
<testsuite hostname="XEN-1004" name="test.SampleTest" tests="5" failures="0" timestamp="25 Apr 2016 18:55:47 GMT" time="0.015" errors="0">
  <testcase name="testSample" time="0.000" classname="test.SampleTest"/>
  <testcase name="testSample" time="0.000" classname="test.SampleTest"/>
  <testcase name="testSample" time="0.015" classname="test.SampleTest"/>
  <testcase name="testSample" time="0.000" classname="test.SampleTest"/>
  <testcase name="testSample" time="0.000" classname="test.SampleTest"/>
</testsuite> <!-- test.SampleTest -->
