<?xml version="1.0" encoding="UTF-8"?>
<!-- Generated by org.testng.reporters.JUnitReportReporter -->
<testsuite hostname="XEN-1004" name="com.charter.suiteLP.TestCase_lfo9nLFO" tests="1" failures="0" timestamp="24 Jul 2016 21:18:41 GMT" time="69.588" errors="0">
  <testcase name="LFO9n" time="69.588" classname="com.charter.suiteLP.TestCase_lfo9nLFO"/>
</testsuite> <!-- com.charter.suiteLP.TestCase_lfo9nLFO -->
