<?xml version="1.0" encoding="UTF-8"?>
<!-- Generated by org.testng.reporters.JUnitReportReporter -->
<testsuite hostname="XEN-1004" name="com.charter.mobile.TestCase_lfo7nLFO" tests="5" failures="0" timestamp="24 Jul 2016 21:18:41 GMT" time="216.204" errors="0">
  <testcase name="lfo7n" time="40.882" classname="com.charter.mobile.TestCase_lfo7nLFO"/>
  <testcase name="lfo7n" time="40.435" classname="com.charter.mobile.TestCase_lfo7nLFO"/>
  <testcase name="lfo7n" time="44.418" classname="com.charter.mobile.TestCase_lfo7nLFO"/>
  <testcase name="lfo7n" time="45.929" classname="com.charter.mobile.TestCase_lfo7nLFO"/>
  <testcase name="lfo7n" time="44.540" classname="com.charter.mobile.TestCase_lfo7nLFO"/>
</testsuite> <!-- com.charter.mobile.TestCase_lfo7nLFO -->
