<?xml version="1.0" encoding="UTF-8"?>
<!-- Generated by org.testng.reporters.JUnitReportReporter -->
<testsuite hostname="XEN-1004" name="com.charter.mobile.TestCase_PlatChicRes" tests="5" failures="0" timestamp="24 Jul 2016 21:18:41 GMT" time="262.255" errors="0">
  <testcase name="PlatChicRes" time="49.649" classname="com.charter.mobile.TestCase_PlatChicRes"/>
  <testcase name="PlatChicRes" time="54.251" classname="com.charter.mobile.TestCase_PlatChicRes"/>
  <testcase name="PlatChicRes" time="61.001" classname="com.charter.mobile.TestCase_PlatChicRes"/>
  <testcase name="PlatChicRes" time="50.107" classname="com.charter.mobile.TestCase_PlatChicRes"/>
  <testcase name="PlatChicRes" time="47.247" classname="com.charter.mobile.TestCase_PlatChicRes"/>
</testsuite> <!-- com.charter.mobile.TestCase_PlatChicRes -->
