<?xml version="1.0" encoding="UTF-8"?>
<!-- Generated by org.testng.reporters.JUnitReportReporter -->
<testsuite hostname="XEN-1004" name="com.charter.mobile.TestCase_SPI100Mb" tests="5" failures="0" timestamp="24 Jul 2016 21:18:41 GMT" time="228.283" errors="0">
  <testcase name="SPI100Mb" time="44.194" classname="com.charter.mobile.TestCase_SPI100Mb"/>
  <testcase name="SPI100Mb" time="47.621" classname="com.charter.mobile.TestCase_SPI100Mb"/>
  <testcase name="SPI100Mb" time="44.480" classname="com.charter.mobile.TestCase_SPI100Mb"/>
  <testcase name="SPI100Mb" time="43.519" classname="com.charter.mobile.TestCase_SPI100Mb"/>
  <testcase name="SPI100Mb" time="48.469" classname="com.charter.mobile.TestCase_SPI100Mb"/>
</testsuite> <!-- com.charter.mobile.TestCase_SPI100Mb -->
