<?xml version="1.0" encoding="UTF-8"?>
<!-- Generated by org.testng.reporters.JUnitReportReporter -->
<testsuite hostname="XEN-1004" name="com.charter.mobile.TestCase_lfo9nLFO" tests="5" failures="0" timestamp="24 Jul 2016 21:18:41 GMT" time="241.139" errors="0">
  <testcase name="lfo9n" time="49.857" classname="com.charter.mobile.TestCase_lfo9nLFO"/>
  <testcase name="lfo9n" time="46.876" classname="com.charter.mobile.TestCase_lfo9nLFO"/>
  <testcase name="lfo9n" time="49.298" classname="com.charter.mobile.TestCase_lfo9nLFO"/>
  <testcase name="lfo9n" time="49.013" classname="com.charter.mobile.TestCase_lfo9nLFO"/>
  <testcase name="lfo9n" time="46.095" classname="com.charter.mobile.TestCase_lfo9nLFO"/>
</testsuite> <!-- com.charter.mobile.TestCase_lfo9nLFO -->
